[INFO  Do 28 Mär 2024 12:18:41 CET] ...acker/start/mason.nvim/lua/mason-core/installer/init.lua:184: Executing installer for Package(name=typescript-language-server) {}
[INFO  Do 28 Mär 2024 12:18:41 CET] ...acker/start/mason.nvim/lua/mason-core/installer/init.lua:184: Executing installer for Package(name=rust-analyzer) {}
[ERROR Do 28 Mär 2024 12:18:41 CET] ...acker/start/mason.nvim/lua/mason-core/installer/init.lua:249: Installation failed for Package(name=typescript-language-server) error=spawn: npm failed with exit code - and signal -. npm is not executable
[INFO  Do 28 Mär 2024 12:18:44 CET] ...acker/start/mason.nvim/lua/mason-core/installer/init.lua:245: Installation succeeded for Package(name=rust-analyzer)
[INFO  Do 28 Mär 2024 12:20:05 CET] ...acker/start/mason.nvim/lua/mason-core/installer/init.lua:184: Executing installer for Package(name=typescript-language-server) {}
[ERROR Do 28 Mär 2024 12:20:05 CET] ...acker/start/mason.nvim/lua/mason-core/installer/init.lua:249: Installation failed for Package(name=typescript-language-server) error=spawn: npm failed with exit code - and signal -. npm is not executable
[INFO  Do 28 Mär 2024 12:20:13 CET] ...acker/start/mason.nvim/lua/mason-core/installer/init.lua:184: Executing installer for Package(name=typescript-language-server) {}
[INFO  Do 28 Mär 2024 12:20:16 CET] ...acker/start/mason.nvim/lua/mason-core/installer/init.lua:245: Installation succeeded for Package(name=typescript-language-server)
[INFO  Do 28 Mär 2024 12:24:49 CET] ...acker/start/mason.nvim/lua/mason-core/installer/init.lua:184: Executing installer for Package(name=gopls) {}
[INFO  Do 28 Mär 2024 12:24:51 CET] ...acker/start/mason.nvim/lua/mason-core/installer/init.lua:245: Installation succeeded for Package(name=gopls)
[INFO  Do 28 Mär 2024 12:24:54 CET] ...acker/start/mason.nvim/lua/mason-core/installer/init.lua:184: Executing installer for Package(name=goimports) {}
[INFO  Do 28 Mär 2024 12:24:55 CET] ...acker/start/mason.nvim/lua/mason-core/installer/init.lua:245: Installation succeeded for Package(name=goimports)
[INFO  Do 28 Mär 2024 12:25:09 CET] ...acker/start/mason.nvim/lua/mason-core/installer/init.lua:184: Executing installer for Package(name=gotests) {}
[INFO  Do 28 Mär 2024 12:25:11 CET] ...acker/start/mason.nvim/lua/mason-core/installer/init.lua:245: Installation succeeded for Package(name=gotests)
[INFO  Do 28 Mär 2024 12:25:15 CET] ...acker/start/mason.nvim/lua/mason-core/installer/init.lua:184: Executing installer for Package(name=gotestsum) {}
[INFO  Do 28 Mär 2024 12:25:19 CET] ...acker/start/mason.nvim/lua/mason-core/installer/init.lua:245: Installation succeeded for Package(name=gotestsum)
[INFO  Mi 03 Apr 2024 11:01:04 CEST] ...e/nvim/lazy/mason.nvim/lua/mason-core/installer/init.lua:184: Executing installer for Package(name=html-lsp) {}
[INFO  Mi 03 Apr 2024 11:01:05 CEST] ...e/nvim/lazy/mason.nvim/lua/mason-core/installer/init.lua:184: Executing installer for Package(name=css-lsp) {}
[INFO  Mi 03 Apr 2024 11:01:06 CEST] ...e/nvim/lazy/mason.nvim/lua/mason-core/installer/init.lua:184: Executing installer for Package(name=tailwindcss-language-server) {}
[INFO  Mi 03 Apr 2024 11:01:07 CEST] ...e/nvim/lazy/mason.nvim/lua/mason-core/installer/init.lua:184: Executing installer for Package(name=svelte-language-server) {}
[INFO  Mi 03 Apr 2024 11:01:15 CEST] ...e/nvim/lazy/mason.nvim/lua/mason-core/installer/init.lua:184: Executing installer for Package(name=lua-language-server) {}
[INFO  Mi 03 Apr 2024 11:01:15 CEST] ...e/nvim/lazy/mason.nvim/lua/mason-core/installer/init.lua:245: Installation succeeded for Package(name=tailwindcss-language-server)
[INFO  Mi 03 Apr 2024 11:01:16 CEST] ...e/nvim/lazy/mason.nvim/lua/mason-core/installer/init.lua:184: Executing installer for Package(name=graphql-language-service-cli) {}
[INFO  Mi 03 Apr 2024 11:01:16 CEST] ...e/nvim/lazy/mason.nvim/lua/mason-core/installer/init.lua:245: Installation succeeded for Package(name=lua-language-server)
[INFO  Mi 03 Apr 2024 11:01:20 CEST] ...e/nvim/lazy/mason.nvim/lua/mason-core/installer/init.lua:184: Executing installer for Package(name=emmet-ls) {}
[INFO  Mi 03 Apr 2024 11:01:20 CEST] ...e/nvim/lazy/mason.nvim/lua/mason-core/installer/init.lua:245: Installation succeeded for Package(name=css-lsp)
[INFO  Mi 03 Apr 2024 11:01:20 CEST] ...e/nvim/lazy/mason.nvim/lua/mason-core/installer/init.lua:184: Executing installer for Package(name=prisma-language-server) {}
[INFO  Mi 03 Apr 2024 11:01:20 CEST] ...e/nvim/lazy/mason.nvim/lua/mason-core/installer/init.lua:245: Installation succeeded for Package(name=html-lsp)
[INFO  Mi 03 Apr 2024 11:01:24 CEST] ...e/nvim/lazy/mason.nvim/lua/mason-core/installer/init.lua:184: Executing installer for Package(name=pyright) {}
[INFO  Mi 03 Apr 2024 11:01:24 CEST] ...e/nvim/lazy/mason.nvim/lua/mason-core/installer/init.lua:245: Installation succeeded for Package(name=emmet-ls)
[INFO  Mi 03 Apr 2024 11:01:28 CEST] ...e/nvim/lazy/mason.nvim/lua/mason-core/installer/init.lua:184: Executing installer for Package(name=prettier) {}
[INFO  Mi 03 Apr 2024 11:01:28 CEST] ...e/nvim/lazy/mason.nvim/lua/mason-core/installer/init.lua:245: Installation succeeded for Package(name=pyright)
[INFO  Mi 03 Apr 2024 11:01:28 CEST] ...e/nvim/lazy/mason.nvim/lua/mason-core/installer/init.lua:184: Executing installer for Package(name=stylua) {}
[INFO  Mi 03 Apr 2024 11:01:28 CEST] ...e/nvim/lazy/mason.nvim/lua/mason-core/installer/init.lua:245: Installation succeeded for Package(name=svelte-language-server)
[INFO  Mi 03 Apr 2024 11:01:29 CEST] ...e/nvim/lazy/mason.nvim/lua/mason-core/installer/init.lua:184: Executing installer for Package(name=isort) {}
[INFO  Mi 03 Apr 2024 11:01:29 CEST] ...e/nvim/lazy/mason.nvim/lua/mason-core/installer/init.lua:245: Installation succeeded for Package(name=prettier)
[INFO  Mi 03 Apr 2024 11:01:29 CEST] ...e/nvim/lazy/mason.nvim/lua/mason-core/installer/init.lua:184: Executing installer for Package(name=black) {}
[INFO  Mi 03 Apr 2024 11:01:29 CEST] ...e/nvim/lazy/mason.nvim/lua/mason-core/installer/init.lua:245: Installation succeeded for Package(name=stylua)
[INFO  Mi 03 Apr 2024 11:01:30 CEST] ...e/nvim/lazy/mason.nvim/lua/mason-core/installer/init.lua:184: Executing installer for Package(name=pylint) {}
[INFO  Mi 03 Apr 2024 11:01:30 CEST] ...e/nvim/lazy/mason.nvim/lua/mason-core/installer/init.lua:245: Installation succeeded for Package(name=prisma-language-server)
[INFO  Mi 03 Apr 2024 11:01:31 CEST] ...e/nvim/lazy/mason.nvim/lua/mason-core/installer/init.lua:184: Executing installer for Package(name=eslint_d) {}
[INFO  Mi 03 Apr 2024 11:01:31 CEST] ...e/nvim/lazy/mason.nvim/lua/mason-core/installer/init.lua:245: Installation succeeded for Package(name=isort)
[INFO  Mi 03 Apr 2024 11:01:32 CEST] ...e/nvim/lazy/mason.nvim/lua/mason-core/installer/init.lua:245: Installation succeeded for Package(name=graphql-language-service-cli)
[INFO  Mi 03 Apr 2024 11:01:33 CEST] ...e/nvim/lazy/mason.nvim/lua/mason-core/installer/init.lua:245: Installation succeeded for Package(name=black)
[INFO  Mi 03 Apr 2024 11:01:33 CEST] ...e/nvim/lazy/mason.nvim/lua/mason-core/installer/init.lua:245: Installation succeeded for Package(name=pylint)
[INFO  Mi 03 Apr 2024 11:01:34 CEST] ...e/nvim/lazy/mason.nvim/lua/mason-core/installer/init.lua:245: Installation succeeded for Package(name=eslint_d)
